2024-08-01 12:22:22,385 INFO o.a.j.u.JMeterUtils: Setting Locale to en_EN
2024-08-01 12:22:22,424 INFO o.a.j.JMeter: Loading user properties from: C:\apache-jmeter-5.6.3\bin\user.properties
2024-08-01 12:22:22,426 INFO o.a.j.JMeter: Loading system properties from: C:\apache-jmeter-5.6.3\bin\system.properties
2024-08-01 12:22:22,426 INFO o.a.j.JMeter: Loading additional properties from: C:\AzurePT\Assignment\Configuration\ptchat.properties
2024-08-01 12:22:22,439 INFO o.a.j.JMeter: Copyright (c) 1998-2024 The Apache Software Foundation
2024-08-01 12:22:22,439 INFO o.a.j.JMeter: Version 5.6.3
2024-08-01 12:22:22,439 INFO o.a.j.JMeter: java.version=22.0.2
2024-08-01 12:22:22,439 INFO o.a.j.JMeter: java.vm.name=Java HotSpot(TM) 64-Bit Server VM
2024-08-01 12:22:22,440 INFO o.a.j.JMeter: os.name=Windows 10
2024-08-01 12:22:22,440 INFO o.a.j.JMeter: os.arch=amd64
2024-08-01 12:22:22,440 INFO o.a.j.JMeter: os.version=10.0
2024-08-01 12:22:22,440 INFO o.a.j.JMeter: file.encoding=UTF-8
2024-08-01 12:22:22,440 INFO o.a.j.JMeter: java.awt.headless=null
2024-08-01 12:22:22,440 INFO o.a.j.JMeter: Max memory     =1073741824
2024-08-01 12:22:22,441 INFO o.a.j.JMeter: Available Processors =4
2024-08-01 12:22:22,455 INFO o.a.j.JMeter: Default Locale=English (EN)
2024-08-01 12:22:22,455 INFO o.a.j.JMeter: JMeter  Locale=English (EN)
2024-08-01 12:22:22,455 INFO o.a.j.JMeter: JMeterHome=C:\apache-jmeter-5.6.3
2024-08-01 12:22:22,455 INFO o.a.j.JMeter: user.dir  =C:\AzurePT\Assignment\JmeterScript
2024-08-01 12:22:22,455 INFO o.a.j.JMeter: PWD       =C:\AzurePT\Assignment\JmeterScript
2024-08-01 12:22:22,460 INFO o.a.j.JMeter: IP: 192.168.31.44 Name: DESKTOP-115B8BR FullName: host.docker.internal
2024-08-01 12:22:22,488 INFO o.a.j.JMeter: Loaded icon properties from org/apache/jmeter/images/icon.properties
2024-08-01 12:22:22,822 INFO o.a.j.JMeterGuiLauncher: Setting LAF to: laf:javax.swing.plaf.metal.MetalLookAndFeel
2024-08-01 12:22:24,804 INFO o.a.j.JMeterGuiLauncher: Loading file: Message.jmx
2024-08-01 12:22:24,819 INFO o.a.j.s.FileServer: Default base='C:\AzurePT\Assignment\JmeterScript'
2024-08-01 12:22:24,822 INFO o.a.j.s.FileServer: Set new base='C:\AzurePT\Assignment\JmeterScript'
2024-08-01 12:22:25,685 INFO o.a.j.s.SaveService: Testplan (JMX) version: 2.2. Testlog (JTL) version: 2.2
2024-08-01 12:22:25,863 INFO o.a.j.s.SaveService: Using SaveService properties version 5.0
2024-08-01 12:22:25,870 INFO o.a.j.s.SaveService: Using SaveService properties file encoding UTF-8
2024-08-01 12:22:25,885 INFO o.a.j.s.SaveService: Loading file: Message.jmx
2024-08-01 12:22:26,047 INFO o.a.j.p.h.s.HTTPSamplerBase: Parser for text/html is org.apache.jmeter.protocol.http.parser.LagartoBasedHtmlParser
2024-08-01 12:22:26,047 INFO o.a.j.p.h.s.HTTPSamplerBase: Parser for application/xhtml+xml is org.apache.jmeter.protocol.http.parser.LagartoBasedHtmlParser
2024-08-01 12:22:26,047 INFO o.a.j.p.h.s.HTTPSamplerBase: Parser for application/xml is org.apache.jmeter.protocol.http.parser.LagartoBasedHtmlParser
2024-08-01 12:22:26,047 INFO o.a.j.p.h.s.HTTPSamplerBase: Parser for text/xml is org.apache.jmeter.protocol.http.parser.LagartoBasedHtmlParser
2024-08-01 12:22:26,047 INFO o.a.j.p.h.s.HTTPSamplerBase: Parser for text/vnd.wap.wml is org.apache.jmeter.protocol.http.parser.RegexpHTMLParser
2024-08-01 12:22:26,047 INFO o.a.j.p.h.s.HTTPSamplerBase: Parser for text/css is org.apache.jmeter.protocol.http.parser.CssParser
2024-08-01 12:22:26,134 INFO o.a.j.s.FileServer: Set new base='C:\AzurePT\Assignment\JmeterScript'
2024-08-01 12:22:26,432 INFO o.a.j.s.SampleResult: Note: Sample TimeStamps are START times
2024-08-01 12:22:26,432 INFO o.a.j.s.SampleResult: sampleresult.default.encoding is set to UTF-8
2024-08-01 12:22:26,432 INFO o.a.j.s.SampleResult: sampleresult.useNanoTime=true
2024-08-01 12:22:26,432 INFO o.a.j.s.SampleResult: sampleresult.nanoThreadSleep=5000
2024-08-01 12:22:34,034 INFO o.a.j.e.StandardJMeterEngine: Running the test!
2024-08-01 12:22:34,035 INFO o.a.j.s.SampleEvent: List of sample_variables: []
2024-08-01 12:22:34,035 INFO o.a.j.s.SampleEvent: List of sample_variables: []
2024-08-01 12:22:34,038 INFO o.a.j.e.u.CompoundVariable: Note: Function class names must contain the string: '.functions.'
2024-08-01 12:22:34,039 INFO o.a.j.e.u.CompoundVariable: Note: Function class names must not contain the string: '.gui.'
2024-08-01 12:22:34,196 INFO o.a.j.g.u.JMeterMenuBar: setRunning(true, *local*)
2024-08-01 12:22:34,257 INFO o.a.j.e.StandardJMeterEngine: Starting ThreadGroup: 1 : Thread Group
2024-08-01 12:22:34,258 INFO o.a.j.e.StandardJMeterEngine: Starting 0 threads for group Thread Group.
2024-08-01 12:22:34,258 INFO o.a.j.e.StandardJMeterEngine: Thread will continue on error
2024-08-01 12:22:34,258 INFO o.a.j.t.ThreadGroup: Starting thread group... number=1 threads=0 ramp-up=0 delayedStart=false
2024-08-01 12:22:34,258 INFO o.a.j.t.ThreadGroup: Started thread group number 1
2024-08-01 12:22:34,259 INFO o.a.j.e.StandardJMeterEngine: All thread groups have been started
2024-08-01 12:22:34,259 INFO o.a.j.e.StandardJMeterEngine: Notifying test listeners of end of test
2024-08-01 12:22:34,259 INFO o.a.j.g.u.JMeterMenuBar: setRunning(false, *local*)
2024-08-01 12:22:42,181 INFO o.a.j.e.StandardJMeterEngine: Running the test!
2024-08-01 12:22:42,182 INFO o.a.j.s.SampleEvent: List of sample_variables: []
2024-08-01 12:22:42,192 INFO o.a.j.g.u.JMeterMenuBar: setRunning(true, *local*)
2024-08-01 12:22:42,230 INFO o.a.j.e.StandardJMeterEngine: Starting ThreadGroup: 1 : Thread Group
2024-08-01 12:22:42,230 INFO o.a.j.e.StandardJMeterEngine: Starting 0 threads for group Thread Group.
2024-08-01 12:22:42,230 INFO o.a.j.e.StandardJMeterEngine: Thread will continue on error
2024-08-01 12:22:42,230 INFO o.a.j.t.ThreadGroup: Starting thread group... number=1 threads=0 ramp-up=0 delayedStart=false
2024-08-01 12:22:42,230 INFO o.a.j.t.ThreadGroup: Started thread group number 1
2024-08-01 12:22:42,238 INFO o.a.j.e.StandardJMeterEngine: All thread groups have been started
2024-08-01 12:22:42,238 INFO o.a.j.e.StandardJMeterEngine: Notifying test listeners of end of test
2024-08-01 12:22:42,238 INFO o.a.j.g.u.JMeterMenuBar: setRunning(false, *local*)
2024-08-01 12:22:42,852 INFO o.a.j.e.StandardJMeterEngine: Running the test!
2024-08-01 12:22:42,852 INFO o.a.j.s.SampleEvent: List of sample_variables: []
2024-08-01 12:22:42,866 INFO o.a.j.g.u.JMeterMenuBar: setRunning(true, *local*)
2024-08-01 12:22:42,910 INFO o.a.j.e.StandardJMeterEngine: Starting ThreadGroup: 1 : Thread Group
2024-08-01 12:22:42,911 INFO o.a.j.e.StandardJMeterEngine: Starting 0 threads for group Thread Group.
2024-08-01 12:22:42,911 INFO o.a.j.e.StandardJMeterEngine: Thread will continue on error
2024-08-01 12:22:42,911 INFO o.a.j.t.ThreadGroup: Starting thread group... number=1 threads=0 ramp-up=0 delayedStart=false
2024-08-01 12:22:42,911 INFO o.a.j.t.ThreadGroup: Started thread group number 1
2024-08-01 12:22:42,911 INFO o.a.j.e.StandardJMeterEngine: All thread groups have been started
2024-08-01 12:22:42,911 INFO o.a.j.e.StandardJMeterEngine: Notifying test listeners of end of test
2024-08-01 12:22:42,912 INFO o.a.j.g.u.JMeterMenuBar: setRunning(false, *local*)
2024-08-01 12:22:43,116 INFO o.a.j.e.StandardJMeterEngine: Running the test!
2024-08-01 12:22:43,116 INFO o.a.j.s.SampleEvent: List of sample_variables: []
2024-08-01 12:22:43,131 INFO o.a.j.g.u.JMeterMenuBar: setRunning(true, *local*)
2024-08-01 12:22:43,174 INFO o.a.j.e.StandardJMeterEngine: Starting ThreadGroup: 1 : Thread Group
2024-08-01 12:22:43,175 INFO o.a.j.e.StandardJMeterEngine: Starting 0 threads for group Thread Group.
2024-08-01 12:22:43,175 INFO o.a.j.e.StandardJMeterEngine: Thread will continue on error
2024-08-01 12:22:43,175 INFO o.a.j.t.ThreadGroup: Starting thread group... number=1 threads=0 ramp-up=0 delayedStart=false
2024-08-01 12:22:43,175 INFO o.a.j.t.ThreadGroup: Started thread group number 1
2024-08-01 12:22:43,176 INFO o.a.j.e.StandardJMeterEngine: All thread groups have been started
2024-08-01 12:22:43,176 INFO o.a.j.e.StandardJMeterEngine: Notifying test listeners of end of test
2024-08-01 12:22:43,176 INFO o.a.j.g.u.JMeterMenuBar: setRunning(false, *local*)
2024-08-01 12:23:11,767 INFO o.a.j.e.StandardJMeterEngine: Running the test!
2024-08-01 12:23:11,777 INFO o.a.j.s.SampleEvent: List of sample_variables: []
2024-08-01 12:23:11,814 INFO o.a.j.g.u.JMeterMenuBar: setRunning(true, *local*)
2024-08-01 12:23:11,857 INFO o.a.j.e.StandardJMeterEngine: Starting ThreadGroup: 1 : Thread Group
2024-08-01 12:23:11,857 INFO o.a.j.e.StandardJMeterEngine: Starting 0 threads for group Thread Group.
2024-08-01 12:23:11,857 INFO o.a.j.e.StandardJMeterEngine: Thread will continue on error
2024-08-01 12:23:11,857 INFO o.a.j.t.ThreadGroup: Starting thread group... number=1 threads=0 ramp-up=0 delayedStart=false
2024-08-01 12:23:11,857 INFO o.a.j.t.ThreadGroup: Started thread group number 1
2024-08-01 12:23:11,857 INFO o.a.j.e.StandardJMeterEngine: All thread groups have been started
2024-08-01 12:23:11,857 INFO o.a.j.e.StandardJMeterEngine: Notifying test listeners of end of test
2024-08-01 12:23:11,857 INFO o.a.j.g.u.JMeterMenuBar: setRunning(false, *local*)
2024-08-01 12:23:12,723 INFO o.a.j.e.StandardJMeterEngine: Running the test!
2024-08-01 12:23:12,723 INFO o.a.j.s.SampleEvent: List of sample_variables: []
2024-08-01 12:23:12,759 INFO o.a.j.g.u.JMeterMenuBar: setRunning(true, *local*)
2024-08-01 12:23:12,810 INFO o.a.j.e.StandardJMeterEngine: Starting ThreadGroup: 1 : Thread Group
2024-08-01 12:23:12,810 INFO o.a.j.e.StandardJMeterEngine: Starting 0 threads for group Thread Group.
2024-08-01 12:23:12,810 INFO o.a.j.e.StandardJMeterEngine: Thread will continue on error
2024-08-01 12:23:12,816 INFO o.a.j.t.ThreadGroup: Starting thread group... number=1 threads=0 ramp-up=0 delayedStart=false
2024-08-01 12:23:12,816 INFO o.a.j.t.ThreadGroup: Started thread group number 1
2024-08-01 12:23:12,816 INFO o.a.j.e.StandardJMeterEngine: All thread groups have been started
2024-08-01 12:23:12,818 INFO o.a.j.e.StandardJMeterEngine: Notifying test listeners of end of test
2024-08-01 12:23:12,819 INFO o.a.j.g.u.JMeterMenuBar: setRunning(false, *local*)
2024-08-01 12:23:13,099 INFO o.a.j.e.StandardJMeterEngine: Running the test!
2024-08-01 12:23:13,100 INFO o.a.j.s.SampleEvent: List of sample_variables: []
2024-08-01 12:23:13,111 INFO o.a.j.g.u.JMeterMenuBar: setRunning(true, *local*)
2024-08-01 12:23:13,149 INFO o.a.j.e.StandardJMeterEngine: Starting ThreadGroup: 1 : Thread Group
2024-08-01 12:23:13,156 INFO o.a.j.e.StandardJMeterEngine: Starting 0 threads for group Thread Group.
2024-08-01 12:23:13,156 INFO o.a.j.e.StandardJMeterEngine: Thread will continue on error
2024-08-01 12:23:13,157 INFO o.a.j.t.ThreadGroup: Starting thread group... number=1 threads=0 ramp-up=0 delayedStart=false
2024-08-01 12:23:13,157 INFO o.a.j.t.ThreadGroup: Started thread group number 1
2024-08-01 12:23:13,157 INFO o.a.j.e.StandardJMeterEngine: All thread groups have been started
2024-08-01 12:23:13,157 INFO o.a.j.e.StandardJMeterEngine: Notifying test listeners of end of test
2024-08-01 12:23:13,157 INFO o.a.j.g.u.JMeterMenuBar: setRunning(false, *local*)
2024-08-01 12:23:13,302 INFO o.a.j.e.StandardJMeterEngine: Running the test!
2024-08-01 12:23:13,303 INFO o.a.j.s.SampleEvent: List of sample_variables: []
2024-08-01 12:23:13,358 INFO o.a.j.g.u.JMeterMenuBar: setRunning(true, *local*)
2024-08-01 12:23:13,417 INFO o.a.j.e.StandardJMeterEngine: Starting ThreadGroup: 1 : Thread Group
2024-08-01 12:23:13,418 INFO o.a.j.e.StandardJMeterEngine: Starting 0 threads for group Thread Group.
2024-08-01 12:23:13,418 INFO o.a.j.e.StandardJMeterEngine: Thread will continue on error
2024-08-01 12:23:13,420 INFO o.a.j.t.ThreadGroup: Starting thread group... number=1 threads=0 ramp-up=0 delayedStart=false
2024-08-01 12:23:13,423 INFO o.a.j.t.ThreadGroup: Started thread group number 1
2024-08-01 12:23:13,424 INFO o.a.j.e.StandardJMeterEngine: All thread groups have been started
2024-08-01 12:23:13,424 INFO o.a.j.e.StandardJMeterEngine: Notifying test listeners of end of test
2024-08-01 12:23:13,428 INFO o.a.j.g.u.JMeterMenuBar: setRunning(false, *local*)
2024-08-01 12:23:25,363 INFO o.a.j.e.StandardJMeterEngine: Running the test!
2024-08-01 12:23:25,364 INFO o.a.j.s.SampleEvent: List of sample_variables: []
2024-08-01 12:23:25,374 INFO o.a.j.g.u.JMeterMenuBar: setRunning(true, *local*)
2024-08-01 12:23:25,421 INFO o.a.j.e.StandardJMeterEngine: Starting ThreadGroup: 1 : Thread Group
2024-08-01 12:23:25,422 INFO o.a.j.e.StandardJMeterEngine: Starting 1 threads for group Thread Group.
2024-08-01 12:23:25,422 INFO o.a.j.e.StandardJMeterEngine: Thread will continue on error
2024-08-01 12:23:25,422 INFO o.a.j.t.ThreadGroup: Starting thread group... number=1 threads=1 ramp-up=1 delayedStart=false
2024-08-01 12:23:25,429 INFO o.a.j.t.ThreadGroup: Started thread group number 1
2024-08-01 12:23:25,429 INFO o.a.j.e.StandardJMeterEngine: All thread groups have been started
2024-08-01 12:23:25,458 INFO o.a.j.t.JMeterThread: Thread started: Thread Group 1-1
2024-08-01 12:23:25,553 INFO o.a.j.p.h.s.HTTPHCAbstractImpl: Local host = DESKTOP-115B8BR
2024-08-01 12:23:25,587 INFO o.a.j.p.h.s.HTTPHC4Impl: HTTP request retry count = 0
2024-08-01 12:23:27,227 INFO o.a.j.p.h.s.h.LazyLayeredConnectionSocketFactory: Setting up HTTPS TrustAll Socket Factory
2024-08-01 12:23:27,276 INFO o.a.j.u.JsseSSLManager: Using default SSL protocol: TLS
2024-08-01 12:23:27,281 INFO o.a.j.u.JsseSSLManager: SSL session context: per-thread
2024-08-01 12:23:28,196 INFO o.a.j.u.SSLManager: JmeterKeyStore Location:  type JKS
2024-08-01 12:23:28,218 INFO o.a.j.u.SSLManager: KeyStore created OK
2024-08-01 12:23:28,218 WARN o.a.j.u.SSLManager: Keystore file not found, loading empty keystore
2024-08-01 12:23:30,339 INFO o.a.j.t.JMeterThread: Thread is done: Thread Group 1-1
2024-08-01 12:23:30,339 INFO o.a.j.t.JMeterThread: Thread finished: Thread Group 1-1
2024-08-01 12:23:30,370 INFO o.a.j.e.StandardJMeterEngine: Notifying test listeners of end of test
2024-08-01 12:23:30,380 INFO o.a.j.g.u.JMeterMenuBar: setRunning(false, *local*)
2024-08-01 12:23:45,297 INFO o.a.j.e.StandardJMeterEngine: Running the test!
2024-08-01 12:23:45,298 INFO o.a.j.s.SampleEvent: List of sample_variables: []
2024-08-01 12:23:45,306 INFO o.a.j.g.u.JMeterMenuBar: setRunning(true, *local*)
2024-08-01 12:23:45,364 INFO o.a.j.e.StandardJMeterEngine: Starting ThreadGroup: 1 : Thread Group
2024-08-01 12:23:45,364 INFO o.a.j.e.StandardJMeterEngine: Starting 1 threads for group Thread Group.
2024-08-01 12:23:45,364 INFO o.a.j.e.StandardJMeterEngine: Thread will continue on error
2024-08-01 12:23:45,364 INFO o.a.j.t.ThreadGroup: Starting thread group... number=1 threads=1 ramp-up=1 delayedStart=false
2024-08-01 12:23:45,364 INFO o.a.j.t.ThreadGroup: Started thread group number 1
2024-08-01 12:23:45,364 INFO o.a.j.e.StandardJMeterEngine: All thread groups have been started
2024-08-01 12:23:45,364 INFO o.a.j.t.JMeterThread: Thread started: Thread Group 1-1
2024-08-01 12:23:45,998 INFO o.a.j.t.JMeterThread: Thread is done: Thread Group 1-1
2024-08-01 12:23:45,999 INFO o.a.j.t.JMeterThread: Thread finished: Thread Group 1-1
2024-08-01 12:23:46,001 INFO o.a.j.e.StandardJMeterEngine: Notifying test listeners of end of test
2024-08-01 12:23:46,002 INFO o.a.j.g.u.JMeterMenuBar: setRunning(false, *local*)
2024-08-01 12:27:59,619 INFO o.a.j.e.StandardJMeterEngine: Running the test!
2024-08-01 12:27:59,620 INFO o.a.j.s.SampleEvent: List of sample_variables: []
2024-08-01 12:27:59,627 INFO o.a.j.g.u.JMeterMenuBar: setRunning(true, *local*)
2024-08-01 12:27:59,691 INFO o.a.j.e.StandardJMeterEngine: Starting ThreadGroup: 1 : Thread Group
2024-08-01 12:27:59,691 INFO o.a.j.e.StandardJMeterEngine: Starting 1 threads for group Thread Group.
2024-08-01 12:27:59,691 INFO o.a.j.e.StandardJMeterEngine: Thread will continue on error
2024-08-01 12:27:59,691 INFO o.a.j.t.ThreadGroup: Starting thread group... number=1 threads=1 ramp-up=1 delayedStart=false
2024-08-01 12:27:59,692 INFO o.a.j.t.ThreadGroup: Started thread group number 1
2024-08-01 12:27:59,693 INFO o.a.j.e.StandardJMeterEngine: All thread groups have been started
2024-08-01 12:27:59,693 INFO o.a.j.t.JMeterThread: Thread started: Thread Group 1-1
2024-08-01 12:28:00,606 INFO o.a.j.t.JMeterThread: Thread is done: Thread Group 1-1
2024-08-01 12:28:00,606 INFO o.a.j.t.JMeterThread: Thread finished: Thread Group 1-1
2024-08-01 12:28:00,606 INFO o.a.j.e.StandardJMeterEngine: Notifying test listeners of end of test
2024-08-01 12:28:00,620 INFO o.a.j.g.u.JMeterMenuBar: setRunning(false, *local*)
2024-08-01 12:29:01,511 INFO o.a.j.e.StandardJMeterEngine: Running the test!
2024-08-01 12:29:01,512 INFO o.a.j.s.SampleEvent: List of sample_variables: []
2024-08-01 12:29:01,522 INFO o.a.j.g.u.JMeterMenuBar: setRunning(true, *local*)
2024-08-01 12:29:01,579 INFO o.a.j.e.StandardJMeterEngine: Starting ThreadGroup: 1 : Thread Group
2024-08-01 12:29:01,580 INFO o.a.j.e.StandardJMeterEngine: Starting 1 threads for group Thread Group.
2024-08-01 12:29:01,580 INFO o.a.j.e.StandardJMeterEngine: Thread will continue on error
2024-08-01 12:29:01,580 INFO o.a.j.t.ThreadGroup: Starting thread group... number=1 threads=1 ramp-up=1 delayedStart=false
2024-08-01 12:29:01,580 INFO o.a.j.t.ThreadGroup: Started thread group number 1
2024-08-01 12:29:01,580 INFO o.a.j.e.StandardJMeterEngine: All thread groups have been started
2024-08-01 12:29:01,582 INFO o.a.j.t.JMeterThread: Thread started: Thread Group 1-1
2024-08-01 12:29:02,254 INFO o.a.j.t.JMeterThread: Thread is done: Thread Group 1-1
2024-08-01 12:29:02,254 INFO o.a.j.t.JMeterThread: Thread finished: Thread Group 1-1
2024-08-01 12:29:02,254 INFO o.a.j.e.StandardJMeterEngine: Notifying test listeners of end of test
2024-08-01 12:29:02,256 INFO o.a.j.g.u.JMeterMenuBar: setRunning(false, *local*)
2024-08-01 12:32:34,061 INFO o.a.j.e.StandardJMeterEngine: Running the test!
2024-08-01 12:32:34,062 INFO o.a.j.s.SampleEvent: List of sample_variables: []
2024-08-01 12:32:34,074 INFO o.a.j.g.u.JMeterMenuBar: setRunning(true, *local*)
2024-08-01 12:32:34,127 INFO o.a.j.e.StandardJMeterEngine: Starting ThreadGroup: 1 : Thread Group
2024-08-01 12:32:34,128 INFO o.a.j.e.StandardJMeterEngine: Starting 1 threads for group Thread Group.
2024-08-01 12:32:34,128 INFO o.a.j.e.StandardJMeterEngine: Thread will continue on error
2024-08-01 12:32:34,129 INFO o.a.j.t.ThreadGroup: Starting thread group... number=1 threads=1 ramp-up=1 delayedStart=false
2024-08-01 12:32:34,130 INFO o.a.j.t.ThreadGroup: Started thread group number 1
2024-08-01 12:32:34,130 INFO o.a.j.e.StandardJMeterEngine: All thread groups have been started
2024-08-01 12:32:34,131 INFO o.a.j.t.JMeterThread: Thread started: Thread Group 1-1
2024-08-01 12:32:34,709 INFO o.a.j.t.JMeterThread: Thread is done: Thread Group 1-1
2024-08-01 12:32:34,709 INFO o.a.j.t.JMeterThread: Thread finished: Thread Group 1-1
2024-08-01 12:32:34,711 INFO o.a.j.e.StandardJMeterEngine: Notifying test listeners of end of test
2024-08-01 12:32:34,712 INFO o.a.j.g.u.JMeterMenuBar: setRunning(false, *local*)
2024-08-01 13:10:05,342 INFO o.a.j.e.StandardJMeterEngine: Running the test!
2024-08-01 13:10:05,344 INFO o.a.j.s.SampleEvent: List of sample_variables: []
2024-08-01 13:10:05,354 INFO o.a.j.g.u.JMeterMenuBar: setRunning(true, *local*)
2024-08-01 13:10:05,425 INFO o.a.j.e.StandardJMeterEngine: Starting ThreadGroup: 1 : Thread Group
2024-08-01 13:10:05,426 INFO o.a.j.e.StandardJMeterEngine: Starting 1 threads for group Thread Group.
2024-08-01 13:10:05,426 INFO o.a.j.e.StandardJMeterEngine: Thread will continue on error
2024-08-01 13:10:05,426 INFO o.a.j.t.ThreadGroup: Starting thread group... number=1 threads=1 ramp-up=1 delayedStart=false
2024-08-01 13:10:05,428 INFO o.a.j.t.ThreadGroup: Started thread group number 1
2024-08-01 13:10:05,428 INFO o.a.j.e.StandardJMeterEngine: All thread groups have been started
2024-08-01 13:10:05,429 INFO o.a.j.t.JMeterThread: Thread started: Thread Group 1-1
2024-08-01 13:10:06,184 INFO o.a.j.t.JMeterThread: Thread is done: Thread Group 1-1
2024-08-01 13:10:06,187 INFO o.a.j.t.JMeterThread: Thread finished: Thread Group 1-1
2024-08-01 13:10:06,188 INFO o.a.j.e.StandardJMeterEngine: Notifying test listeners of end of test
2024-08-01 13:10:06,190 INFO o.a.j.g.u.JMeterMenuBar: setRunning(false, *local*)
2024-08-01 13:10:33,513 INFO o.a.j.e.StandardJMeterEngine: Running the test!
2024-08-01 13:10:33,514 INFO o.a.j.s.SampleEvent: List of sample_variables: []
2024-08-01 13:10:33,519 INFO o.a.j.g.u.JMeterMenuBar: setRunning(true, *local*)
2024-08-01 13:10:33,628 INFO o.a.j.e.StandardJMeterEngine: Starting ThreadGroup: 1 : Thread Group
2024-08-01 13:10:33,629 INFO o.a.j.e.StandardJMeterEngine: Starting 1 threads for group Thread Group.
2024-08-01 13:10:33,629 INFO o.a.j.e.StandardJMeterEngine: Thread will continue on error
2024-08-01 13:10:33,629 INFO o.a.j.t.ThreadGroup: Starting thread group... number=1 threads=1 ramp-up=1 delayedStart=false
2024-08-01 13:10:33,629 INFO o.a.j.t.ThreadGroup: Started thread group number 1
2024-08-01 13:10:33,629 INFO o.a.j.e.StandardJMeterEngine: All thread groups have been started
2024-08-01 13:10:33,635 INFO o.a.j.t.JMeterThread: Thread started: Thread Group 1-1
2024-08-01 13:10:34,305 INFO o.a.j.t.JMeterThread: Thread is done: Thread Group 1-1
2024-08-01 13:10:34,305 INFO o.a.j.t.JMeterThread: Thread finished: Thread Group 1-1
2024-08-01 13:10:34,306 INFO o.a.j.e.StandardJMeterEngine: Notifying test listeners of end of test
2024-08-01 13:10:34,309 INFO o.a.j.g.u.JMeterMenuBar: setRunning(false, *local*)
2024-08-01 15:03:56,865 INFO o.a.j.g.a.Load: Loading file: C:\AzurePT\Assignment\JmeterScript\Message.jmx
2024-08-01 15:03:56,865 INFO o.a.j.s.FileServer: Set new base='C:\AzurePT\Assignment\JmeterScript'
2024-08-01 15:03:56,865 INFO o.a.j.s.SaveService: Loading file: C:\AzurePT\Assignment\JmeterScript\Message.jmx
2024-08-01 15:03:57,038 INFO o.a.j.s.FileServer: Set new base='C:\AzurePT\Assignment\JmeterScript'
2024-08-01 15:05:31,913 INFO o.a.j.e.StandardJMeterEngine: Running the test!
2024-08-01 15:05:31,928 INFO o.a.j.s.SampleEvent: List of sample_variables: []
2024-08-01 15:05:31,928 INFO o.a.j.g.u.JMeterMenuBar: setRunning(true, *local*)
2024-08-01 15:05:32,027 INFO o.a.j.e.StandardJMeterEngine: Starting ThreadGroup: 1 : Thread Group
2024-08-01 15:05:32,027 INFO o.a.j.e.StandardJMeterEngine: Starting 1 threads for group Thread Group.
2024-08-01 15:05:32,027 INFO o.a.j.e.StandardJMeterEngine: Thread will continue on error
2024-08-01 15:05:32,027 INFO o.a.j.t.ThreadGroup: Starting thread group... number=1 threads=1 ramp-up=1 delayedStart=false
2024-08-01 15:05:32,027 INFO o.a.j.t.ThreadGroup: Started thread group number 1
2024-08-01 15:05:32,027 INFO o.a.j.e.StandardJMeterEngine: All thread groups have been started
2024-08-01 15:05:32,027 INFO o.a.j.t.JMeterThread: Thread started: Thread Group 1-1
2024-08-01 15:05:33,219 INFO o.a.j.t.JMeterThread: Thread is done: Thread Group 1-1
2024-08-01 15:05:33,219 INFO o.a.j.t.JMeterThread: Thread finished: Thread Group 1-1
2024-08-01 15:05:33,229 INFO o.a.j.e.StandardJMeterEngine: Notifying test listeners of end of test
2024-08-01 15:05:33,229 INFO o.a.j.g.u.JMeterMenuBar: setRunning(false, *local*)
2024-08-01 15:06:16,191 INFO o.a.j.e.StandardJMeterEngine: Running the test!
2024-08-01 15:06:16,191 INFO o.a.j.s.SampleEvent: List of sample_variables: []
2024-08-01 15:06:16,191 INFO o.a.j.g.u.JMeterMenuBar: setRunning(true, *local*)
2024-08-01 15:06:16,302 INFO o.a.j.e.StandardJMeterEngine: Starting ThreadGroup: 1 : Thread Group
2024-08-01 15:06:16,302 INFO o.a.j.e.StandardJMeterEngine: Starting 1 threads for group Thread Group.
2024-08-01 15:06:16,302 INFO o.a.j.e.StandardJMeterEngine: Thread will continue on error
2024-08-01 15:06:16,302 INFO o.a.j.t.ThreadGroup: Starting thread group... number=1 threads=1 ramp-up=1 delayedStart=false
2024-08-01 15:06:16,302 INFO o.a.j.t.ThreadGroup: Started thread group number 1
2024-08-01 15:06:16,302 INFO o.a.j.e.StandardJMeterEngine: All thread groups have been started
2024-08-01 15:06:16,302 INFO o.a.j.t.JMeterThread: Thread started: Thread Group 1-1
2024-08-01 15:06:17,162 INFO o.a.j.t.JMeterThread: Thread is done: Thread Group 1-1
2024-08-01 15:06:17,162 INFO o.a.j.t.JMeterThread: Thread finished: Thread Group 1-1
2024-08-01 15:06:17,162 INFO o.a.j.e.StandardJMeterEngine: Notifying test listeners of end of test
2024-08-01 15:06:17,162 INFO o.a.j.g.u.JMeterMenuBar: setRunning(false, *local*)
2024-08-01 15:07:03,498 INFO o.a.j.e.StandardJMeterEngine: Running the test!
2024-08-01 15:07:03,498 INFO o.a.j.s.SampleEvent: List of sample_variables: []
2024-08-01 15:07:03,514 INFO o.a.j.g.u.JMeterMenuBar: setRunning(true, *local*)
2024-08-01 15:07:03,564 INFO o.a.j.e.StandardJMeterEngine: Starting ThreadGroup: 1 : Thread Group
2024-08-01 15:07:03,564 INFO o.a.j.e.StandardJMeterEngine: Starting 1 threads for group Thread Group.
2024-08-01 15:07:03,564 INFO o.a.j.e.StandardJMeterEngine: Thread will continue on error
2024-08-01 15:07:03,564 INFO o.a.j.t.ThreadGroup: Starting thread group... number=1 threads=1 ramp-up=1 delayedStart=false
2024-08-01 15:07:03,564 INFO o.a.j.t.ThreadGroup: Started thread group number 1
2024-08-01 15:07:03,564 INFO o.a.j.e.StandardJMeterEngine: All thread groups have been started
2024-08-01 15:07:03,580 INFO o.a.j.t.JMeterThread: Thread started: Thread Group 1-1
2024-08-01 15:07:04,176 INFO o.a.j.t.JMeterThread: Thread is done: Thread Group 1-1
2024-08-01 15:07:04,176 INFO o.a.j.t.JMeterThread: Thread finished: Thread Group 1-1
2024-08-01 15:07:04,176 INFO o.a.j.e.StandardJMeterEngine: Notifying test listeners of end of test
2024-08-01 15:07:04,176 INFO o.a.j.g.u.JMeterMenuBar: setRunning(false, *local*)
2024-08-01 15:07:51,555 INFO o.a.j.e.StandardJMeterEngine: Running the test!
2024-08-01 15:07:51,555 INFO o.a.j.s.SampleEvent: List of sample_variables: []
2024-08-01 15:07:51,555 INFO o.a.j.g.u.JMeterMenuBar: setRunning(true, *local*)
2024-08-01 15:07:51,617 INFO o.a.j.e.StandardJMeterEngine: Starting ThreadGroup: 1 : Thread Group
2024-08-01 15:07:51,617 INFO o.a.j.e.StandardJMeterEngine: Starting 1 threads for group Thread Group.
2024-08-01 15:07:51,617 INFO o.a.j.e.StandardJMeterEngine: Thread will continue on error
2024-08-01 15:07:51,617 INFO o.a.j.t.ThreadGroup: Starting thread group... number=1 threads=1 ramp-up=1 delayedStart=false
2024-08-01 15:07:51,617 INFO o.a.j.t.ThreadGroup: Started thread group number 1
2024-08-01 15:07:51,617 INFO o.a.j.e.StandardJMeterEngine: All thread groups have been started
2024-08-01 15:07:51,617 INFO o.a.j.t.JMeterThread: Thread started: Thread Group 1-1
2024-08-01 15:07:52,350 INFO o.a.j.t.JMeterThread: Thread is done: Thread Group 1-1
2024-08-01 15:07:52,350 INFO o.a.j.t.JMeterThread: Thread finished: Thread Group 1-1
2024-08-01 15:07:52,350 INFO o.a.j.e.StandardJMeterEngine: Notifying test listeners of end of test
2024-08-01 15:07:52,350 INFO o.a.j.g.u.JMeterMenuBar: setRunning(false, *local*)
2024-08-01 15:08:13,359 INFO o.a.j.e.StandardJMeterEngine: Running the test!
2024-08-01 15:08:13,359 INFO o.a.j.s.SampleEvent: List of sample_variables: []
2024-08-01 15:08:13,375 INFO o.a.j.g.u.JMeterMenuBar: setRunning(true, *local*)
2024-08-01 15:08:13,422 INFO o.a.j.e.StandardJMeterEngine: Starting ThreadGroup: 1 : Thread Group
2024-08-01 15:08:13,422 INFO o.a.j.e.StandardJMeterEngine: Starting 1 threads for group Thread Group.
2024-08-01 15:08:13,422 INFO o.a.j.e.StandardJMeterEngine: Thread will continue on error
2024-08-01 15:08:13,422 INFO o.a.j.t.ThreadGroup: Starting thread group... number=1 threads=1 ramp-up=1 delayedStart=false
2024-08-01 15:08:13,422 INFO o.a.j.t.ThreadGroup: Started thread group number 1
2024-08-01 15:08:13,422 INFO o.a.j.e.StandardJMeterEngine: All thread groups have been started
2024-08-01 15:08:13,422 INFO o.a.j.t.JMeterThread: Thread started: Thread Group 1-1
2024-08-01 15:08:14,120 INFO o.a.j.t.JMeterThread: Thread is done: Thread Group 1-1
2024-08-01 15:08:14,120 INFO o.a.j.t.JMeterThread: Thread finished: Thread Group 1-1
2024-08-01 15:08:14,120 INFO o.a.j.e.StandardJMeterEngine: Notifying test listeners of end of test
2024-08-01 15:08:14,120 INFO o.a.j.g.u.JMeterMenuBar: setRunning(false, *local*)
2024-08-01 15:10:42,067 INFO o.a.j.e.StandardJMeterEngine: Running the test!
2024-08-01 15:10:42,067 INFO o.a.j.s.SampleEvent: List of sample_variables: []
2024-08-01 15:10:42,067 INFO o.a.j.g.u.JMeterMenuBar: setRunning(true, *local*)
2024-08-01 15:10:42,124 INFO o.a.j.e.StandardJMeterEngine: Starting ThreadGroup: 1 : Thread Group
2024-08-01 15:10:42,124 INFO o.a.j.e.StandardJMeterEngine: Starting 1 threads for group Thread Group.
2024-08-01 15:10:42,124 INFO o.a.j.e.StandardJMeterEngine: Thread will continue on error
2024-08-01 15:10:42,124 INFO o.a.j.t.ThreadGroup: Starting thread group... number=1 threads=1 ramp-up=1 delayedStart=false
2024-08-01 15:10:42,124 INFO o.a.j.t.ThreadGroup: Started thread group number 1
2024-08-01 15:10:42,124 INFO o.a.j.e.StandardJMeterEngine: All thread groups have been started
2024-08-01 15:10:42,124 INFO o.a.j.t.JMeterThread: Thread started: Thread Group 1-1
2024-08-01 15:10:42,752 INFO o.a.j.t.JMeterThread: Thread is done: Thread Group 1-1
2024-08-01 15:10:42,752 INFO o.a.j.t.JMeterThread: Thread finished: Thread Group 1-1
2024-08-01 15:10:42,752 INFO o.a.j.e.StandardJMeterEngine: Notifying test listeners of end of test
2024-08-01 15:10:42,752 INFO o.a.j.g.u.JMeterMenuBar: setRunning(false, *local*)
2024-08-01 15:11:25,060 INFO o.a.j.e.StandardJMeterEngine: Running the test!
2024-08-01 15:11:25,060 INFO o.a.j.s.SampleEvent: List of sample_variables: []
2024-08-01 15:11:25,076 INFO o.a.j.g.u.JMeterMenuBar: setRunning(true, *local*)
2024-08-01 15:11:25,124 INFO o.a.j.e.StandardJMeterEngine: Starting ThreadGroup: 1 : Thread Group
2024-08-01 15:11:25,124 INFO o.a.j.e.StandardJMeterEngine: Starting 1 threads for group Thread Group.
2024-08-01 15:11:25,124 INFO o.a.j.e.StandardJMeterEngine: Thread will continue on error
2024-08-01 15:11:25,124 INFO o.a.j.t.ThreadGroup: Starting thread group... number=1 threads=1 ramp-up=1 delayedStart=false
2024-08-01 15:11:25,124 INFO o.a.j.t.ThreadGroup: Started thread group number 1
2024-08-01 15:11:25,124 INFO o.a.j.e.StandardJMeterEngine: All thread groups have been started
2024-08-01 15:11:25,124 INFO o.a.j.t.JMeterThread: Thread started: Thread Group 1-1
2024-08-01 15:11:25,809 INFO o.a.j.t.JMeterThread: Thread is done: Thread Group 1-1
2024-08-01 15:11:25,809 INFO o.a.j.t.JMeterThread: Thread finished: Thread Group 1-1
2024-08-01 15:11:25,809 INFO o.a.j.e.StandardJMeterEngine: Notifying test listeners of end of test
2024-08-01 15:11:25,809 INFO o.a.j.g.u.JMeterMenuBar: setRunning(false, *local*)
2024-08-01 15:11:49,228 INFO o.a.j.e.StandardJMeterEngine: Running the test!
2024-08-01 15:11:49,228 INFO o.a.j.s.SampleEvent: List of sample_variables: []
2024-08-01 15:11:49,228 INFO o.a.j.g.u.JMeterMenuBar: setRunning(true, *local*)
2024-08-01 15:11:49,276 INFO o.a.j.e.StandardJMeterEngine: Starting ThreadGroup: 1 : Thread Group
2024-08-01 15:11:49,276 INFO o.a.j.e.StandardJMeterEngine: Starting 1 threads for group Thread Group.
2024-08-01 15:11:49,276 INFO o.a.j.e.StandardJMeterEngine: Thread will continue on error
2024-08-01 15:11:49,276 INFO o.a.j.t.ThreadGroup: Starting thread group... number=1 threads=1 ramp-up=1 delayedStart=false
2024-08-01 15:11:49,292 INFO o.a.j.t.ThreadGroup: Started thread group number 1
2024-08-01 15:11:49,292 INFO o.a.j.e.StandardJMeterEngine: All thread groups have been started
2024-08-01 15:11:49,292 INFO o.a.j.t.JMeterThread: Thread started: Thread Group 1-1
2024-08-01 15:11:50,772 INFO o.a.j.t.JMeterThread: Thread is done: Thread Group 1-1
2024-08-01 15:11:50,772 INFO o.a.j.t.JMeterThread: Thread finished: Thread Group 1-1
2024-08-01 15:11:50,772 INFO o.a.j.e.StandardJMeterEngine: Notifying test listeners of end of test
2024-08-01 15:11:50,772 INFO o.a.j.g.u.JMeterMenuBar: setRunning(false, *local*)
2024-08-01 15:12:17,217 INFO o.a.j.e.StandardJMeterEngine: Running the test!
2024-08-01 15:12:17,217 INFO o.a.j.s.SampleEvent: List of sample_variables: []
2024-08-01 15:12:17,238 INFO o.a.j.g.u.JMeterMenuBar: setRunning(true, *local*)
2024-08-01 15:12:17,283 INFO o.a.j.e.StandardJMeterEngine: Starting ThreadGroup: 1 : Thread Group
2024-08-01 15:12:17,283 INFO o.a.j.e.StandardJMeterEngine: Starting 1 threads for group Thread Group.
2024-08-01 15:12:17,283 INFO o.a.j.e.StandardJMeterEngine: Thread will continue on error
2024-08-01 15:12:17,283 INFO o.a.j.t.ThreadGroup: Starting thread group... number=1 threads=1 ramp-up=1 delayedStart=false
2024-08-01 15:12:17,283 INFO o.a.j.t.ThreadGroup: Started thread group number 1
2024-08-01 15:12:17,283 INFO o.a.j.e.StandardJMeterEngine: All thread groups have been started
2024-08-01 15:12:17,283 INFO o.a.j.t.JMeterThread: Thread started: Thread Group 1-1
2024-08-01 15:12:18,023 INFO o.a.j.t.JMeterThread: Thread is done: Thread Group 1-1
2024-08-01 15:12:18,023 INFO o.a.j.t.JMeterThread: Thread finished: Thread Group 1-1
2024-08-01 15:12:18,023 INFO o.a.j.e.StandardJMeterEngine: Notifying test listeners of end of test
2024-08-01 15:12:18,023 INFO o.a.j.g.u.JMeterMenuBar: setRunning(false, *local*)
2024-08-01 15:17:14,960 INFO o.a.j.e.StandardJMeterEngine: Running the test!
2024-08-01 15:17:14,960 INFO o.a.j.s.SampleEvent: List of sample_variables: []
2024-08-01 15:17:14,976 INFO o.a.j.g.u.JMeterMenuBar: setRunning(true, *local*)
2024-08-01 15:17:15,030 INFO o.a.j.e.StandardJMeterEngine: Starting ThreadGroup: 1 : Thread Group
2024-08-01 15:17:15,030 INFO o.a.j.e.StandardJMeterEngine: Starting 1 threads for group Thread Group.
2024-08-01 15:17:15,030 INFO o.a.j.e.StandardJMeterEngine: Thread will continue on error
2024-08-01 15:17:15,030 INFO o.a.j.t.ThreadGroup: Starting thread group... number=1 threads=1 ramp-up=1 delayedStart=false
2024-08-01 15:17:15,030 INFO o.a.j.t.ThreadGroup: Started thread group number 1
2024-08-01 15:17:15,030 INFO o.a.j.e.StandardJMeterEngine: All thread groups have been started
2024-08-01 15:17:15,030 INFO o.a.j.t.JMeterThread: Thread started: Thread Group 1-1
2024-08-01 15:17:15,945 INFO o.a.j.t.JMeterThread: Thread is done: Thread Group 1-1
2024-08-01 15:17:15,945 INFO o.a.j.t.JMeterThread: Thread finished: Thread Group 1-1
2024-08-01 15:17:15,945 INFO o.a.j.e.StandardJMeterEngine: Notifying test listeners of end of test
2024-08-01 15:17:15,945 INFO o.a.j.g.u.JMeterMenuBar: setRunning(false, *local*)
2024-08-01 15:18:44,708 INFO o.a.j.e.StandardJMeterEngine: Running the test!
2024-08-01 15:18:44,708 INFO o.a.j.s.SampleEvent: List of sample_variables: []
2024-08-01 15:18:44,723 INFO o.a.j.g.u.JMeterMenuBar: setRunning(true, *local*)
2024-08-01 15:18:44,766 INFO o.a.j.e.StandardJMeterEngine: Starting ThreadGroup: 1 : Thread Group
2024-08-01 15:18:44,782 INFO o.a.j.e.StandardJMeterEngine: Starting 1 threads for group Thread Group.
2024-08-01 15:18:44,782 INFO o.a.j.e.StandardJMeterEngine: Thread will continue on error
2024-08-01 15:18:44,782 INFO o.a.j.t.ThreadGroup: Starting thread group... number=1 threads=1 ramp-up=1 delayedStart=false
2024-08-01 15:18:44,782 INFO o.a.j.t.ThreadGroup: Started thread group number 1
2024-08-01 15:18:44,782 INFO o.a.j.e.StandardJMeterEngine: All thread groups have been started
2024-08-01 15:18:44,782 INFO o.a.j.t.JMeterThread: Thread started: Thread Group 1-1
2024-08-01 15:18:45,409 INFO o.a.j.t.JMeterThread: Thread is done: Thread Group 1-1
2024-08-01 15:18:45,409 INFO o.a.j.t.JMeterThread: Thread finished: Thread Group 1-1
2024-08-01 15:18:45,409 INFO o.a.j.e.StandardJMeterEngine: Notifying test listeners of end of test
2024-08-01 15:18:45,409 INFO o.a.j.g.u.JMeterMenuBar: setRunning(false, *local*)
2024-08-01 15:19:19,313 INFO o.a.j.e.StandardJMeterEngine: Running the test!
2024-08-01 15:19:19,313 INFO o.a.j.s.SampleEvent: List of sample_variables: []
2024-08-01 15:19:19,329 INFO o.a.j.g.u.JMeterMenuBar: setRunning(true, *local*)
2024-08-01 15:19:19,381 INFO o.a.j.e.StandardJMeterEngine: Starting ThreadGroup: 1 : Thread Group
2024-08-01 15:19:19,381 INFO o.a.j.e.StandardJMeterEngine: Starting 1 threads for group Thread Group.
2024-08-01 15:19:19,381 INFO o.a.j.e.StandardJMeterEngine: Thread will continue on error
2024-08-01 15:19:19,381 INFO o.a.j.t.ThreadGroup: Starting thread group... number=1 threads=1 ramp-up=1 delayedStart=false
2024-08-01 15:19:19,381 INFO o.a.j.t.ThreadGroup: Started thread group number 1
2024-08-01 15:19:19,381 INFO o.a.j.e.StandardJMeterEngine: All thread groups have been started
2024-08-01 15:19:19,381 INFO o.a.j.t.JMeterThread: Thread started: Thread Group 1-1
2024-08-01 15:19:20,018 INFO o.a.j.t.JMeterThread: Thread is done: Thread Group 1-1
2024-08-01 15:19:20,018 INFO o.a.j.t.JMeterThread: Thread finished: Thread Group 1-1
2024-08-01 15:19:20,018 INFO o.a.j.e.StandardJMeterEngine: Notifying test listeners of end of test
2024-08-01 15:19:20,018 INFO o.a.j.g.u.JMeterMenuBar: setRunning(false, *local*)
2024-08-01 15:42:53,360 INFO o.a.j.e.StandardJMeterEngine: Running the test!
2024-08-01 15:42:53,360 INFO o.a.j.s.SampleEvent: List of sample_variables: []
2024-08-01 15:42:53,360 INFO o.a.j.g.u.JMeterMenuBar: setRunning(true, *local*)
2024-08-01 15:42:53,424 INFO o.a.j.e.StandardJMeterEngine: Starting ThreadGroup: 1 : Thread Group
2024-08-01 15:42:53,424 INFO o.a.j.e.StandardJMeterEngine: Starting 1 threads for group Thread Group.
2024-08-01 15:42:53,424 INFO o.a.j.e.StandardJMeterEngine: Thread will continue on error
2024-08-01 15:42:53,424 INFO o.a.j.t.ThreadGroup: Starting thread group... number=1 threads=1 ramp-up=1 delayedStart=false
2024-08-01 15:42:53,424 INFO o.a.j.t.ThreadGroup: Started thread group number 1
2024-08-01 15:42:53,424 INFO o.a.j.e.StandardJMeterEngine: All thread groups have been started
2024-08-01 15:42:53,424 INFO o.a.j.t.JMeterThread: Thread started: Thread Group 1-1
2024-08-01 15:42:54,381 INFO o.a.j.t.JMeterThread: Thread is done: Thread Group 1-1
2024-08-01 15:42:54,381 INFO o.a.j.t.JMeterThread: Thread finished: Thread Group 1-1
2024-08-01 15:42:54,397 INFO o.a.j.e.StandardJMeterEngine: Notifying test listeners of end of test
2024-08-01 15:42:54,397 INFO o.a.j.g.u.JMeterMenuBar: setRunning(false, *local*)
